2024-11-21 12:46:32,362 - ERROR - Usage: python utils.py <parent_folder>
2024-11-21 12:47:23,699 - INFO - Batch processing started for folder: C:/Users/saa24b/OneDrive - Florida State University/Desktop/2006/2006
2024-11-21 12:47:23,702 - WARNING - Directory C:\Users\saa24b\OneDrive - Florida State University\Desktop\2006\2006\2006-05-23 missing: JPG files, XML files, manifest.ini
2024-11-21 12:47:23,704 - WARNING - Directory C:\Users\saa24b\OneDrive - Florida State University\Desktop\2006\2006\2006-05-29 missing: JPG files, XML files, manifest.ini
2024-11-21 12:47:23,706 - WARNING - Directory C:\Users\saa24b\OneDrive - Florida State University\Desktop\2006\2006\2006-05-23\46N-3W missing: JPG files, XML files, manifest.ini
2024-11-21 12:47:23,708 - WARNING - Directory C:\Users\saa24b\OneDrive - Florida State University\Desktop\2006\2006\2006-05-23\54N-0 missing: JPG files, XML files, manifest.ini
2024-11-21 12:47:23,709 - WARNING - Directory C:\Users\saa24b\OneDrive - Florida State University\Desktop\2006\2006\2006-05-23\58N-3W missing: JPG files, XML files, manifest.ini
2024-11-21 12:47:23,711 - WARNING - Directory C:\Users\saa24b\OneDrive - Florida State University\Desktop\2006\2006\2006-05-23\misc-Exclude missing: XML files, manifest.ini
2024-11-21 12:47:23,714 - INFO - Valid photo set found in C:\Users\saa24b\OneDrive - Florida State University\Desktop\2006\2006\2006-05-23\46N-3W\5-23-06 001
2024-11-21 12:47:23,715 - INFO - Valid photo set found in C:\Users\saa24b\OneDrive - Florida State University\Desktop\2006\2006\2006-05-23\46N-3W\5-23-06 002
2024-11-21 12:47:23,718 - INFO - Valid photo set found in C:\Users\saa24b\OneDrive - Florida State University\Desktop\2006\2006\2006-05-23\46N-3W\5-23-06 003
2024-11-21 12:47:23,722 - INFO - Valid photo set found in C:\Users\saa24b\OneDrive - Florida State University\Desktop\2006\2006\2006-05-23\46N-3W\5-23-06 004
2024-11-21 12:47:23,725 - INFO - Valid photo set found in C:\Users\saa24b\OneDrive - Florida State University\Desktop\2006\2006\2006-05-23\46N-3W\5-23-06 005
2024-11-21 12:47:23,727 - INFO - Valid photo set found in C:\Users\saa24b\OneDrive - Florida State University\Desktop\2006\2006\2006-05-23\46N-3W\5-23-06 006
2024-11-21 12:47:23,728 - INFO - Valid photo set found in C:\Users\saa24b\OneDrive - Florida State University\Desktop\2006\2006\2006-05-23\46N-3W\5-23-06 007
2024-11-21 12:47:23,729 - INFO - Valid photo set found in C:\Users\saa24b\OneDrive - Florida State University\Desktop\2006\2006\2006-05-23\46N-3W\5-23-06 008
2024-11-21 12:47:23,730 - INFO - Valid photo set found in C:\Users\saa24b\OneDrive - Florida State University\Desktop\2006\2006\2006-05-23\46N-3W\5-23-06 009
2024-11-21 12:47:23,732 - INFO - Valid photo set found in C:\Users\saa24b\OneDrive - Florida State University\Desktop\2006\2006\2006-05-23\46N-3W\5-23-06 010
2024-11-21 12:47:23,738 - INFO - Valid photo set found in C:\Users\saa24b\OneDrive - Florida State University\Desktop\2006\2006\2006-05-23\46N-3W\5-23-06 011
2024-11-21 12:47:23,742 - INFO - Valid photo set found in C:\Users\saa24b\OneDrive - Florida State University\Desktop\2006\2006\2006-05-23\46N-3W\5-23-06 012
2024-11-21 12:47:23,756 - INFO - Valid photo set found in C:\Users\saa24b\OneDrive - Florida State University\Desktop\2006\2006\2006-05-23\54N-0\5-23-06 025
2024-11-21 12:47:23,757 - INFO - Valid photo set found in C:\Users\saa24b\OneDrive - Florida State University\Desktop\2006\2006\2006-05-23\54N-0\5-23-06 026
2024-11-21 12:47:23,759 - INFO - Valid photo set found in C:\Users\saa24b\OneDrive - Florida State University\Desktop\2006\2006\2006-05-23\54N-0\5-23-06 027
2024-11-21 12:47:23,760 - INFO - Valid photo set found in C:\Users\saa24b\OneDrive - Florida State University\Desktop\2006\2006\2006-05-23\54N-0\5-23-06 028
2024-11-21 12:47:23,762 - INFO - Valid photo set found in C:\Users\saa24b\OneDrive - Florida State University\Desktop\2006\2006\2006-05-23\54N-0\5-23-06 029
2024-11-21 12:47:23,763 - INFO - Valid photo set found in C:\Users\saa24b\OneDrive - Florida State University\Desktop\2006\2006\2006-05-23\54N-0\5-23-06 030
2024-11-21 12:47:23,764 - INFO - Valid photo set found in C:\Users\saa24b\OneDrive - Florida State University\Desktop\2006\2006\2006-05-23\54N-0\5-23-06 031
2024-11-21 12:47:23,770 - INFO - Valid photo set found in C:\Users\saa24b\OneDrive - Florida State University\Desktop\2006\2006\2006-05-23\54N-0\5-23-06 032
2024-11-21 12:47:23,773 - INFO - Valid photo set found in C:\Users\saa24b\OneDrive - Florida State University\Desktop\2006\2006\2006-05-23\54N-0\5-23-06 033
2024-11-21 12:47:23,775 - INFO - Valid photo set found in C:\Users\saa24b\OneDrive - Florida State University\Desktop\2006\2006\2006-05-23\54N-0\5-23-06 034
2024-11-21 12:47:23,775 - INFO - Valid photo set found in C:\Users\saa24b\OneDrive - Florida State University\Desktop\2006\2006\2006-05-23\54N-0\5-23-06 035
2024-11-21 12:47:23,777 - INFO - Valid photo set found in C:\Users\saa24b\OneDrive - Florida State University\Desktop\2006\2006\2006-05-23\54N-0\5-23-06 036
2024-11-21 12:47:23,779 - INFO - Valid photo set found in C:\Users\saa24b\OneDrive - Florida State University\Desktop\2006\2006\2006-05-23\54N-0\5-23-06 037
2024-11-21 12:47:23,779 - INFO - Valid photo set found in C:\Users\saa24b\OneDrive - Florida State University\Desktop\2006\2006\2006-05-23\54N-0\5-23-06 038
2024-11-21 12:47:23,792 - INFO - Valid photo set found in C:\Users\saa24b\OneDrive - Florida State University\Desktop\2006\2006\2006-05-23\58N-3W\5-23-06 013
2024-11-21 12:47:23,794 - INFO - Valid photo set found in C:\Users\saa24b\OneDrive - Florida State University\Desktop\2006\2006\2006-05-23\58N-3W\5-23-06 014
2024-11-21 12:47:23,795 - INFO - Valid photo set found in C:\Users\saa24b\OneDrive - Florida State University\Desktop\2006\2006\2006-05-23\58N-3W\5-23-06 015
2024-11-21 12:47:23,797 - INFO - Valid photo set found in C:\Users\saa24b\OneDrive - Florida State University\Desktop\2006\2006\2006-05-23\58N-3W\5-23-06 016
2024-11-21 12:47:23,799 - INFO - Valid photo set found in C:\Users\saa24b\OneDrive - Florida State University\Desktop\2006\2006\2006-05-23\58N-3W\5-23-06 017
2024-11-21 12:47:23,801 - INFO - Valid photo set found in C:\Users\saa24b\OneDrive - Florida State University\Desktop\2006\2006\2006-05-23\58N-3W\5-23-06 018
2024-11-21 12:47:23,807 - INFO - Valid photo set found in C:\Users\saa24b\OneDrive - Florida State University\Desktop\2006\2006\2006-05-23\58N-3W\5-23-06 019
2024-11-21 12:47:23,808 - INFO - Valid photo set found in C:\Users\saa24b\OneDrive - Florida State University\Desktop\2006\2006\2006-05-23\58N-3W\5-23-06 020
2024-11-21 12:47:23,809 - INFO - Valid photo set found in C:\Users\saa24b\OneDrive - Florida State University\Desktop\2006\2006\2006-05-23\58N-3W\5-23-06 021
2024-11-21 12:47:23,811 - INFO - Valid photo set found in C:\Users\saa24b\OneDrive - Florida State University\Desktop\2006\2006\2006-05-23\58N-3W\5-23-06 022
2024-11-21 12:47:23,813 - INFO - Valid photo set found in C:\Users\saa24b\OneDrive - Florida State University\Desktop\2006\2006\2006-05-23\58N-3W\5-23-06 023
2024-11-21 12:47:23,814 - INFO - Valid photo set found in C:\Users\saa24b\OneDrive - Florida State University\Desktop\2006\2006\2006-05-23\58N-3W\5-23-06 024
2024-11-21 12:47:23,825 - WARNING - Directory C:\Users\saa24b\OneDrive - Florida State University\Desktop\2006\2006\2006-05-23\misc-Exclude\5-23-06 039 missing: JPG files, XML files, manifest.ini
2024-11-21 12:47:23,827 - WARNING - Directory C:\Users\saa24b\OneDrive - Florida State University\Desktop\2006\2006\2006-05-23\misc-Exclude\5-23-06 040 missing: JPG files, XML files, manifest.ini
2024-11-21 12:47:23,828 - WARNING - Directory C:\Users\saa24b\OneDrive - Florida State University\Desktop\2006\2006\2006-05-23\misc-Exclude\5-23-06 041 missing: JPG files, XML files, manifest.ini
2024-11-21 12:47:23,829 - WARNING - Directory C:\Users\saa24b\OneDrive - Florida State University\Desktop\2006\2006\2006-05-23\misc-Exclude\5-23-06 042 missing: JPG files, XML files, manifest.ini
2024-11-21 12:47:23,831 - WARNING - Directory C:\Users\saa24b\OneDrive - Florida State University\Desktop\2006\2006\2006-05-23\misc-Exclude\5-23-06 043 missing: JPG files, XML files, manifest.ini
2024-11-21 12:47:23,834 - WARNING - Directory C:\Users\saa24b\OneDrive - Florida State University\Desktop\2006\2006\2006-05-23\misc-Exclude\5-23-06 044 missing: JPG files, XML files, manifest.ini
2024-11-21 12:47:23,839 - WARNING - Directory C:\Users\saa24b\OneDrive - Florida State University\Desktop\2006\2006\2006-05-29\77N-5E missing: JPG files, XML files, manifest.ini
2024-11-21 12:47:23,842 - INFO - Valid photo set found in C:\Users\saa24b\OneDrive - Florida State University\Desktop\2006\2006\2006-05-29\77N-5E\05-29-06 001
2024-11-21 12:47:23,843 - INFO - Valid photo set found in C:\Users\saa24b\OneDrive - Florida State University\Desktop\2006\2006\2006-05-29\77N-5E\05-29-06 002
2024-11-21 12:47:23,844 - INFO - Valid photo set found in C:\Users\saa24b\OneDrive - Florida State University\Desktop\2006\2006\2006-05-29\77N-5E\05-29-06 003
2024-11-21 12:47:23,845 - INFO - Valid photo set found in C:\Users\saa24b\OneDrive - Florida State University\Desktop\2006\2006\2006-05-29\77N-5E\05-29-06 004
2024-11-21 12:47:23,846 - INFO - Valid photo set found in C:\Users\saa24b\OneDrive - Florida State University\Desktop\2006\2006\2006-05-29\77N-5E\05-29-06 005
2024-11-21 12:47:23,852 - INFO - Total photo sets found: 43 in C:/Users/saa24b/OneDrive - Florida State University/Desktop/2006/2006
2024-11-21 12:47:23,855 - INFO - Processing set 1/43: C:\Users\saa24b\OneDrive - Florida State University\Desktop\2006\2006\2006-05-23\46N-3W\5-23-06 001
2024-11-21 12:47:23,857 - INFO - Updated manifest at C:\Users\saa24b\OneDrive - Florida State University\Desktop\2006\2006\2006-05-23\46N-3W\5-23-06 001\manifest.ini with collection fsu:cetamuraExcavations_trenchPhotos_2006_46N-3W
2024-11-21 12:47:23,859 - INFO - Extracted IID 'FSU_Cetamura_photos_20060523_46N3W_001' from C:\Users\saa24b\OneDrive - Florida State University\Desktop\2006\2006\2006-05-23\46N-3W\5-23-06 001\FSU_Cetamura_photos_20060523_46N3W_001.xml
2024-11-21 12:47:23,940 - INFO - Converted C:\Users\saa24b\OneDrive - Florida State University\Desktop\2006\2006\2006-05-23\46N-3W\5-23-06 001\5-23-06 001.jpg to C:\Users\saa24b\OneDrive - Florida State University\Desktop\2006\2006\2006-05-23\46N-3W\5-23-06 001\5-23-06 001.tiff and backed up original JPG.
2024-11-21 12:47:23,942 - ERROR - No matching XML file for TIFF: C:\Users\saa24b\OneDrive - Florida State University\Desktop\2006\2006\2006-05-23\46N-3W\5-23-06 001\5-23-06 001.tiff
2024-11-21 12:47:23,943 - INFO - Processing set 2/43: C:\Users\saa24b\OneDrive - Florida State University\Desktop\2006\2006\2006-05-23\46N-3W\5-23-06 002
2024-11-21 12:47:23,946 - INFO - Updated manifest at C:\Users\saa24b\OneDrive - Florida State University\Desktop\2006\2006\2006-05-23\46N-3W\5-23-06 002\manifest.ini with collection fsu:cetamuraExcavations_trenchPhotos_2006_46N-3W
2024-11-21 12:47:23,947 - INFO - Extracted IID 'FSU_Cetamura_photos_20060523_46N3W_002' from C:\Users\saa24b\OneDrive - Florida State University\Desktop\2006\2006\2006-05-23\46N-3W\5-23-06 002\FSU_Cetamura_photos_20060523_46N3W_002.xml
2024-11-21 12:47:24,020 - INFO - Converted C:\Users\saa24b\OneDrive - Florida State University\Desktop\2006\2006\2006-05-23\46N-3W\5-23-06 002\5-23-06 002.jpg to C:\Users\saa24b\OneDrive - Florida State University\Desktop\2006\2006\2006-05-23\46N-3W\5-23-06 002\5-23-06 002.tiff and backed up original JPG.
2024-11-21 12:47:24,021 - ERROR - No matching XML file for TIFF: C:\Users\saa24b\OneDrive - Florida State University\Desktop\2006\2006\2006-05-23\46N-3W\5-23-06 002\5-23-06 002.tiff
2024-11-21 12:47:24,024 - INFO - Processing set 3/43: C:\Users\saa24b\OneDrive - Florida State University\Desktop\2006\2006\2006-05-23\46N-3W\5-23-06 003
2024-11-21 12:47:24,027 - INFO - Updated manifest at C:\Users\saa24b\OneDrive - Florida State University\Desktop\2006\2006\2006-05-23\46N-3W\5-23-06 003\manifest.ini with collection fsu:cetamuraExcavations_trenchPhotos_2006_46N-3W
2024-11-21 12:47:24,028 - INFO - Extracted IID 'FSU_Cetamura_photos_20060523_46N3W_003' from C:\Users\saa24b\OneDrive - Florida State University\Desktop\2006\2006\2006-05-23\46N-3W\5-23-06 003\FSU_Cetamura_photos_20060523_46N3W_003.xml
2024-11-21 12:47:24,118 - INFO - Converted C:\Users\saa24b\OneDrive - Florida State University\Desktop\2006\2006\2006-05-23\46N-3W\5-23-06 003\5-23-06 003.jpg to C:\Users\saa24b\OneDrive - Florida State University\Desktop\2006\2006\2006-05-23\46N-3W\5-23-06 003\5-23-06 003.tiff and backed up original JPG.
2024-11-21 12:47:24,119 - ERROR - No matching XML file for TIFF: C:\Users\saa24b\OneDrive - Florida State University\Desktop\2006\2006\2006-05-23\46N-3W\5-23-06 003\5-23-06 003.tiff
2024-11-21 12:47:24,121 - INFO - Processing set 4/43: C:\Users\saa24b\OneDrive - Florida State University\Desktop\2006\2006\2006-05-23\46N-3W\5-23-06 004
2024-11-21 12:47:24,124 - INFO - Updated manifest at C:\Users\saa24b\OneDrive - Florida State University\Desktop\2006\2006\2006-05-23\46N-3W\5-23-06 004\manifest.ini with collection fsu:cetamuraExcavations_trenchPhotos_2006_46N-3W
2024-11-21 12:47:24,126 - INFO - Extracted IID 'FSU_Cetamura_photos_20060523_46N3W_004' from C:\Users\saa24b\OneDrive - Florida State University\Desktop\2006\2006\2006-05-23\46N-3W\5-23-06 004\FSU_Cetamura_photos_20060523_46N3W_004.xml
2024-11-21 12:47:24,218 - INFO - Converted C:\Users\saa24b\OneDrive - Florida State University\Desktop\2006\2006\2006-05-23\46N-3W\5-23-06 004\5-23-06 004.jpg to C:\Users\saa24b\OneDrive - Florida State University\Desktop\2006\2006\2006-05-23\46N-3W\5-23-06 004\5-23-06 004.tiff and backed up original JPG.
2024-11-21 12:47:24,219 - ERROR - No matching XML file for TIFF: C:\Users\saa24b\OneDrive - Florida State University\Desktop\2006\2006\2006-05-23\46N-3W\5-23-06 004\5-23-06 004.tiff
2024-11-21 12:47:24,221 - INFO - Processing set 5/43: C:\Users\saa24b\OneDrive - Florida State University\Desktop\2006\2006\2006-05-23\46N-3W\5-23-06 005
2024-11-21 12:47:24,225 - INFO - Updated manifest at C:\Users\saa24b\OneDrive - Florida State University\Desktop\2006\2006\2006-05-23\46N-3W\5-23-06 005\manifest.ini with collection fsu:cetamuraExcavations_trenchPhotos_2006_46N-3W
2024-11-21 12:47:24,226 - INFO - Extracted IID 'FSU_Cetamura_photos_20060523_46N3W_005' from C:\Users\saa24b\OneDrive - Florida State University\Desktop\2006\2006\2006-05-23\46N-3W\5-23-06 005\FSU_Cetamura_photos_20060523_46N3W_005.xml
2024-11-21 12:47:24,319 - INFO - Converted C:\Users\saa24b\OneDrive - Florida State University\Desktop\2006\2006\2006-05-23\46N-3W\5-23-06 005\5-23-06 005.jpg to C:\Users\saa24b\OneDrive - Florida State University\Desktop\2006\2006\2006-05-23\46N-3W\5-23-06 005\5-23-06 005.tiff and backed up original JPG.
2024-11-21 12:47:24,320 - ERROR - No matching XML file for TIFF: C:\Users\saa24b\OneDrive - Florida State University\Desktop\2006\2006\2006-05-23\46N-3W\5-23-06 005\5-23-06 005.tiff
2024-11-21 12:47:24,322 - INFO - Processing set 6/43: C:\Users\saa24b\OneDrive - Florida State University\Desktop\2006\2006\2006-05-23\46N-3W\5-23-06 006
2024-11-21 12:47:24,326 - INFO - Updated manifest at C:\Users\saa24b\OneDrive - Florida State University\Desktop\2006\2006\2006-05-23\46N-3W\5-23-06 006\manifest.ini with collection fsu:cetamuraExcavations_trenchPhotos_2006_46N-3W
2024-11-21 12:47:24,328 - INFO - Extracted IID 'FSU_Cetamura_photos_20060523_46N3W_006' from C:\Users\saa24b\OneDrive - Florida State University\Desktop\2006\2006\2006-05-23\46N-3W\5-23-06 006\FSU_Cetamura_photos_20060523_46N3W_006.xml
2024-11-21 12:47:24,410 - INFO - Converted C:\Users\saa24b\OneDrive - Florida State University\Desktop\2006\2006\2006-05-23\46N-3W\5-23-06 006\5-23-06 006.jpg to C:\Users\saa24b\OneDrive - Florida State University\Desktop\2006\2006\2006-05-23\46N-3W\5-23-06 006\5-23-06 006.tiff and backed up original JPG.
2024-11-21 12:47:24,410 - ERROR - No matching XML file for TIFF: C:\Users\saa24b\OneDrive - Florida State University\Desktop\2006\2006\2006-05-23\46N-3W\5-23-06 006\5-23-06 006.tiff
2024-11-21 12:47:24,412 - INFO - Processing set 7/43: C:\Users\saa24b\OneDrive - Florida State University\Desktop\2006\2006\2006-05-23\46N-3W\5-23-06 007
2024-11-21 12:47:24,416 - INFO - Updated manifest at C:\Users\saa24b\OneDrive - Florida State University\Desktop\2006\2006\2006-05-23\46N-3W\5-23-06 007\manifest.ini with collection fsu:cetamuraExcavations_trenchPhotos_2006_46N-3W
2024-11-21 12:47:24,418 - INFO - Extracted IID 'FSU_Cetamura_photos_20060523_46N3W_007' from C:\Users\saa24b\OneDrive - Florida State University\Desktop\2006\2006\2006-05-23\46N-3W\5-23-06 007\FSU_Cetamura_photos_20060523_46N3W_007.xml
2024-11-21 12:47:24,497 - INFO - Converted C:\Users\saa24b\OneDrive - Florida State University\Desktop\2006\2006\2006-05-23\46N-3W\5-23-06 007\5-23-06 007.jpg to C:\Users\saa24b\OneDrive - Florida State University\Desktop\2006\2006\2006-05-23\46N-3W\5-23-06 007\5-23-06 007.tiff and backed up original JPG.
2024-11-21 12:47:24,497 - ERROR - No matching XML file for TIFF: C:\Users\saa24b\OneDrive - Florida State University\Desktop\2006\2006\2006-05-23\46N-3W\5-23-06 007\5-23-06 007.tiff
2024-11-21 12:47:24,499 - INFO - Processing set 8/43: C:\Users\saa24b\OneDrive - Florida State University\Desktop\2006\2006\2006-05-23\46N-3W\5-23-06 008
2024-11-21 12:47:24,502 - INFO - Updated manifest at C:\Users\saa24b\OneDrive - Florida State University\Desktop\2006\2006\2006-05-23\46N-3W\5-23-06 008\manifest.ini with collection fsu:cetamuraExcavations_trenchPhotos_2006_46N-3W
2024-11-21 12:47:24,504 - INFO - Extracted IID 'FSU_Cetamura_photos_20060523_46N3W_008' from C:\Users\saa24b\OneDrive - Florida State University\Desktop\2006\2006\2006-05-23\46N-3W\5-23-06 008\FSU_Cetamura_photos_20060523_46N3W_008.xml
2024-11-21 12:47:24,585 - INFO - Converted C:\Users\saa24b\OneDrive - Florida State University\Desktop\2006\2006\2006-05-23\46N-3W\5-23-06 008\5-23-06 008.jpg to C:\Users\saa24b\OneDrive - Florida State University\Desktop\2006\2006\2006-05-23\46N-3W\5-23-06 008\5-23-06 008.tiff and backed up original JPG.
2024-11-21 12:47:24,586 - ERROR - No matching XML file for TIFF: C:\Users\saa24b\OneDrive - Florida State University\Desktop\2006\2006\2006-05-23\46N-3W\5-23-06 008\5-23-06 008.tiff
2024-11-21 12:47:24,588 - INFO - Processing set 9/43: C:\Users\saa24b\OneDrive - Florida State University\Desktop\2006\2006\2006-05-23\46N-3W\5-23-06 009
2024-11-21 12:47:24,593 - INFO - Updated manifest at C:\Users\saa24b\OneDrive - Florida State University\Desktop\2006\2006\2006-05-23\46N-3W\5-23-06 009\manifest.ini with collection fsu:cetamuraExcavations_trenchPhotos_2006_46N-3W
2024-11-21 12:47:24,594 - INFO - Extracted IID 'FSU_Cetamura_photos_20060523_46N3W_009' from C:\Users\saa24b\OneDrive - Florida State University\Desktop\2006\2006\2006-05-23\46N-3W\5-23-06 009\FSU_Cetamura_photos_20060523_46N3W_009.xml
2024-11-21 12:47:24,675 - INFO - Converted C:\Users\saa24b\OneDrive - Florida State University\Desktop\2006\2006\2006-05-23\46N-3W\5-23-06 009\5-23-06 009.jpg to C:\Users\saa24b\OneDrive - Florida State University\Desktop\2006\2006\2006-05-23\46N-3W\5-23-06 009\5-23-06 009.tiff and backed up original JPG.
2024-11-21 12:47:24,676 - ERROR - No matching XML file for TIFF: C:\Users\saa24b\OneDrive - Florida State University\Desktop\2006\2006\2006-05-23\46N-3W\5-23-06 009\5-23-06 009.tiff
2024-11-21 12:47:24,676 - INFO - Processing set 10/43: C:\Users\saa24b\OneDrive - Florida State University\Desktop\2006\2006\2006-05-23\46N-3W\5-23-06 010
2024-11-21 12:47:24,679 - INFO - Updated manifest at C:\Users\saa24b\OneDrive - Florida State University\Desktop\2006\2006\2006-05-23\46N-3W\5-23-06 010\manifest.ini with collection fsu:cetamuraExcavations_trenchPhotos_2006_46N-3W
2024-11-21 12:47:24,680 - INFO - Extracted IID 'FSU_Cetamura_photos_20060523_46N3W_010' from C:\Users\saa24b\OneDrive - Florida State University\Desktop\2006\2006\2006-05-23\46N-3W\5-23-06 010\FSU_Cetamura_photos_20060523_46N3W_010.xml
2024-11-21 12:47:24,759 - INFO - Converted C:\Users\saa24b\OneDrive - Florida State University\Desktop\2006\2006\2006-05-23\46N-3W\5-23-06 010\5-23-06 010.jpg to C:\Users\saa24b\OneDrive - Florida State University\Desktop\2006\2006\2006-05-23\46N-3W\5-23-06 010\5-23-06 010.tiff and backed up original JPG.
2024-11-21 12:47:24,760 - ERROR - No matching XML file for TIFF: C:\Users\saa24b\OneDrive - Florida State University\Desktop\2006\2006\2006-05-23\46N-3W\5-23-06 010\5-23-06 010.tiff
2024-11-21 12:47:24,762 - INFO - Processing set 11/43: C:\Users\saa24b\OneDrive - Florida State University\Desktop\2006\2006\2006-05-23\46N-3W\5-23-06 011
2024-11-21 12:47:24,767 - INFO - Updated manifest at C:\Users\saa24b\OneDrive - Florida State University\Desktop\2006\2006\2006-05-23\46N-3W\5-23-06 011\manifest.ini with collection fsu:cetamuraExcavations_trenchPhotos_2006_46N-3W
2024-11-21 12:47:24,768 - INFO - Extracted IID 'FSU_Cetamura_photos_20060523_46N3W_011' from C:\Users\saa24b\OneDrive - Florida State University\Desktop\2006\2006\2006-05-23\46N-3W\5-23-06 011\FSU_Cetamura_photos_20060523_46N3W_011.xml
2024-11-21 12:47:24,858 - INFO - Converted C:\Users\saa24b\OneDrive - Florida State University\Desktop\2006\2006\2006-05-23\46N-3W\5-23-06 011\5-23-06 011.jpg to C:\Users\saa24b\OneDrive - Florida State University\Desktop\2006\2006\2006-05-23\46N-3W\5-23-06 011\5-23-06 011.tiff and backed up original JPG.
2024-11-21 12:47:24,859 - ERROR - No matching XML file for TIFF: C:\Users\saa24b\OneDrive - Florida State University\Desktop\2006\2006\2006-05-23\46N-3W\5-23-06 011\5-23-06 011.tiff
2024-11-21 12:47:24,861 - INFO - Processing set 12/43: C:\Users\saa24b\OneDrive - Florida State University\Desktop\2006\2006\2006-05-23\46N-3W\5-23-06 012
2024-11-21 12:47:24,865 - INFO - Updated manifest at C:\Users\saa24b\OneDrive - Florida State University\Desktop\2006\2006\2006-05-23\46N-3W\5-23-06 012\manifest.ini with collection fsu:cetamuraExcavations_trenchPhotos_2006_46N-3W
2024-11-21 12:47:24,867 - INFO - Extracted IID 'FSU_Cetamura_photos_20060523_46N3W_012' from C:\Users\saa24b\OneDrive - Florida State University\Desktop\2006\2006\2006-05-23\46N-3W\5-23-06 012\FSU_Cetamura_photos_20060523_46N3W_012.xml
2024-11-21 12:47:24,943 - INFO - Converted C:\Users\saa24b\OneDrive - Florida State University\Desktop\2006\2006\2006-05-23\46N-3W\5-23-06 012\5-23-06 012.jpg to C:\Users\saa24b\OneDrive - Florida State University\Desktop\2006\2006\2006-05-23\46N-3W\5-23-06 012\5-23-06 012.tiff and backed up original JPG.
2024-11-21 12:47:24,944 - ERROR - No matching XML file for TIFF: C:\Users\saa24b\OneDrive - Florida State University\Desktop\2006\2006\2006-05-23\46N-3W\5-23-06 012\5-23-06 012.tiff
2024-11-21 12:47:24,946 - INFO - Processing set 13/43: C:\Users\saa24b\OneDrive - Florida State University\Desktop\2006\2006\2006-05-23\54N-0\5-23-06 025
2024-11-21 12:47:24,947 - ERROR - Could not extract collection year or trench name from path: C:\Users\saa24b\OneDrive - Florida State University\Desktop\2006\2006\2006-05-23\54N-0\5-23-06 025
2024-11-21 12:47:24,947 - ERROR - Skipping batch processing due to extraction failure in path: C:\Users\saa24b\OneDrive - Florida State University\Desktop\2006\2006\2006-05-23\54N-0\5-23-06 025
2024-11-21 12:47:24,950 - INFO - Processing set 14/43: C:\Users\saa24b\OneDrive - Florida State University\Desktop\2006\2006\2006-05-23\54N-0\5-23-06 026
2024-11-21 12:47:24,951 - ERROR - Could not extract collection year or trench name from path: C:\Users\saa24b\OneDrive - Florida State University\Desktop\2006\2006\2006-05-23\54N-0\5-23-06 026
2024-11-21 12:47:24,951 - ERROR - Skipping batch processing due to extraction failure in path: C:\Users\saa24b\OneDrive - Florida State University\Desktop\2006\2006\2006-05-23\54N-0\5-23-06 026
2024-11-21 12:47:24,953 - INFO - Processing set 15/43: C:\Users\saa24b\OneDrive - Florida State University\Desktop\2006\2006\2006-05-23\54N-0\5-23-06 027
2024-11-21 12:47:24,953 - ERROR - Could not extract collection year or trench name from path: C:\Users\saa24b\OneDrive - Florida State University\Desktop\2006\2006\2006-05-23\54N-0\5-23-06 027
2024-11-21 12:47:24,954 - ERROR - Skipping batch processing due to extraction failure in path: C:\Users\saa24b\OneDrive - Florida State University\Desktop\2006\2006\2006-05-23\54N-0\5-23-06 027
2024-11-21 12:47:24,955 - INFO - Processing set 16/43: C:\Users\saa24b\OneDrive - Florida State University\Desktop\2006\2006\2006-05-23\54N-0\5-23-06 028
2024-11-21 12:47:24,956 - ERROR - Could not extract collection year or trench name from path: C:\Users\saa24b\OneDrive - Florida State University\Desktop\2006\2006\2006-05-23\54N-0\5-23-06 028
2024-11-21 12:47:24,956 - ERROR - Skipping batch processing due to extraction failure in path: C:\Users\saa24b\OneDrive - Florida State University\Desktop\2006\2006\2006-05-23\54N-0\5-23-06 028
2024-11-21 12:47:24,958 - INFO - Processing set 17/43: C:\Users\saa24b\OneDrive - Florida State University\Desktop\2006\2006\2006-05-23\54N-0\5-23-06 029
2024-11-21 12:47:24,959 - ERROR - Could not extract collection year or trench name from path: C:\Users\saa24b\OneDrive - Florida State University\Desktop\2006\2006\2006-05-23\54N-0\5-23-06 029
2024-11-21 12:47:24,959 - ERROR - Skipping batch processing due to extraction failure in path: C:\Users\saa24b\OneDrive - Florida State University\Desktop\2006\2006\2006-05-23\54N-0\5-23-06 029
2024-11-21 12:47:24,961 - INFO - Processing set 18/43: C:\Users\saa24b\OneDrive - Florida State University\Desktop\2006\2006\2006-05-23\54N-0\5-23-06 030
2024-11-21 12:47:24,961 - ERROR - Could not extract collection year or trench name from path: C:\Users\saa24b\OneDrive - Florida State University\Desktop\2006\2006\2006-05-23\54N-0\5-23-06 030
2024-11-21 12:47:24,962 - ERROR - Skipping batch processing due to extraction failure in path: C:\Users\saa24b\OneDrive - Florida State University\Desktop\2006\2006\2006-05-23\54N-0\5-23-06 030
2024-11-21 12:47:24,963 - INFO - Processing set 19/43: C:\Users\saa24b\OneDrive - Florida State University\Desktop\2006\2006\2006-05-23\54N-0\5-23-06 031
2024-11-21 12:47:24,964 - ERROR - Could not extract collection year or trench name from path: C:\Users\saa24b\OneDrive - Florida State University\Desktop\2006\2006\2006-05-23\54N-0\5-23-06 031
2024-11-21 12:47:24,965 - ERROR - Skipping batch processing due to extraction failure in path: C:\Users\saa24b\OneDrive - Florida State University\Desktop\2006\2006\2006-05-23\54N-0\5-23-06 031
2024-11-21 12:47:24,967 - INFO - Processing set 20/43: C:\Users\saa24b\OneDrive - Florida State University\Desktop\2006\2006\2006-05-23\54N-0\5-23-06 032
2024-11-21 12:47:24,968 - ERROR - Could not extract collection year or trench name from path: C:\Users\saa24b\OneDrive - Florida State University\Desktop\2006\2006\2006-05-23\54N-0\5-23-06 032
2024-11-21 12:47:24,968 - ERROR - Skipping batch processing due to extraction failure in path: C:\Users\saa24b\OneDrive - Florida State University\Desktop\2006\2006\2006-05-23\54N-0\5-23-06 032
2024-11-21 12:47:24,971 - INFO - Processing set 21/43: C:\Users\saa24b\OneDrive - Florida State University\Desktop\2006\2006\2006-05-23\54N-0\5-23-06 033
2024-11-21 12:47:24,972 - ERROR - Could not extract collection year or trench name from path: C:\Users\saa24b\OneDrive - Florida State University\Desktop\2006\2006\2006-05-23\54N-0\5-23-06 033
2024-11-21 12:47:24,972 - ERROR - Skipping batch processing due to extraction failure in path: C:\Users\saa24b\OneDrive - Florida State University\Desktop\2006\2006\2006-05-23\54N-0\5-23-06 033
2024-11-21 12:47:24,974 - INFO - Processing set 22/43: C:\Users\saa24b\OneDrive - Florida State University\Desktop\2006\2006\2006-05-23\54N-0\5-23-06 034
2024-11-21 12:47:24,974 - ERROR - Could not extract collection year or trench name from path: C:\Users\saa24b\OneDrive - Florida State University\Desktop\2006\2006\2006-05-23\54N-0\5-23-06 034
2024-11-21 12:47:24,975 - ERROR - Skipping batch processing due to extraction failure in path: C:\Users\saa24b\OneDrive - Florida State University\Desktop\2006\2006\2006-05-23\54N-0\5-23-06 034
2024-11-21 12:47:24,976 - INFO - Processing set 23/43: C:\Users\saa24b\OneDrive - Florida State University\Desktop\2006\2006\2006-05-23\54N-0\5-23-06 035
2024-11-21 12:47:24,977 - ERROR - Could not extract collection year or trench name from path: C:\Users\saa24b\OneDrive - Florida State University\Desktop\2006\2006\2006-05-23\54N-0\5-23-06 035
2024-11-21 12:47:24,977 - ERROR - Skipping batch processing due to extraction failure in path: C:\Users\saa24b\OneDrive - Florida State University\Desktop\2006\2006\2006-05-23\54N-0\5-23-06 035
2024-11-21 12:47:24,978 - INFO - Processing set 24/43: C:\Users\saa24b\OneDrive - Florida State University\Desktop\2006\2006\2006-05-23\54N-0\5-23-06 036
2024-11-21 12:47:24,979 - ERROR - Could not extract collection year or trench name from path: C:\Users\saa24b\OneDrive - Florida State University\Desktop\2006\2006\2006-05-23\54N-0\5-23-06 036
2024-11-21 12:47:24,979 - ERROR - Skipping batch processing due to extraction failure in path: C:\Users\saa24b\OneDrive - Florida State University\Desktop\2006\2006\2006-05-23\54N-0\5-23-06 036
2024-11-21 12:47:24,981 - INFO - Processing set 25/43: C:\Users\saa24b\OneDrive - Florida State University\Desktop\2006\2006\2006-05-23\54N-0\5-23-06 037
2024-11-21 12:47:24,983 - ERROR - Could not extract collection year or trench name from path: C:\Users\saa24b\OneDrive - Florida State University\Desktop\2006\2006\2006-05-23\54N-0\5-23-06 037
2024-11-21 12:47:24,983 - ERROR - Skipping batch processing due to extraction failure in path: C:\Users\saa24b\OneDrive - Florida State University\Desktop\2006\2006\2006-05-23\54N-0\5-23-06 037
2024-11-21 12:47:24,986 - INFO - Processing set 26/43: C:\Users\saa24b\OneDrive - Florida State University\Desktop\2006\2006\2006-05-23\54N-0\5-23-06 038
2024-11-21 12:47:24,987 - ERROR - Could not extract collection year or trench name from path: C:\Users\saa24b\OneDrive - Florida State University\Desktop\2006\2006\2006-05-23\54N-0\5-23-06 038
2024-11-21 12:47:24,987 - ERROR - Skipping batch processing due to extraction failure in path: C:\Users\saa24b\OneDrive - Florida State University\Desktop\2006\2006\2006-05-23\54N-0\5-23-06 038
2024-11-21 12:47:24,988 - INFO - Processing set 27/43: C:\Users\saa24b\OneDrive - Florida State University\Desktop\2006\2006\2006-05-23\58N-3W\5-23-06 013
2024-11-21 12:47:24,991 - INFO - Updated manifest at C:\Users\saa24b\OneDrive - Florida State University\Desktop\2006\2006\2006-05-23\58N-3W\5-23-06 013\manifest.ini with collection fsu:cetamuraExcavations_trenchPhotos_2006_58N-3W
2024-11-21 12:47:24,993 - INFO - Extracted IID 'FSU_Cetamura_photos_20060523_58N3W_001' from C:\Users\saa24b\OneDrive - Florida State University\Desktop\2006\2006\2006-05-23\58N-3W\5-23-06 013\FSU_Cetamura_photos_20060523_58N3W_001.xml
2024-11-21 12:47:25,072 - INFO - Converted C:\Users\saa24b\OneDrive - Florida State University\Desktop\2006\2006\2006-05-23\58N-3W\5-23-06 013\5-23-06 013.jpg to C:\Users\saa24b\OneDrive - Florida State University\Desktop\2006\2006\2006-05-23\58N-3W\5-23-06 013\5-23-06 013.tiff and backed up original JPG.
2024-11-21 12:47:25,073 - ERROR - No matching XML file for TIFF: C:\Users\saa24b\OneDrive - Florida State University\Desktop\2006\2006\2006-05-23\58N-3W\5-23-06 013\5-23-06 013.tiff
2024-11-21 12:47:25,075 - INFO - Processing set 28/43: C:\Users\saa24b\OneDrive - Florida State University\Desktop\2006\2006\2006-05-23\58N-3W\5-23-06 014
2024-11-21 12:47:25,078 - INFO - Updated manifest at C:\Users\saa24b\OneDrive - Florida State University\Desktop\2006\2006\2006-05-23\58N-3W\5-23-06 014\manifest.ini with collection fsu:cetamuraExcavations_trenchPhotos_2006_58N-3W
2024-11-21 12:47:25,079 - INFO - Extracted IID 'FSU_Cetamura_photos_20060523_58N3W_002' from C:\Users\saa24b\OneDrive - Florida State University\Desktop\2006\2006\2006-05-23\58N-3W\5-23-06 014\FSU_Cetamura_photos_20060523_58N3W_002.xml
2024-11-21 12:47:25,179 - INFO - Converted C:\Users\saa24b\OneDrive - Florida State University\Desktop\2006\2006\2006-05-23\58N-3W\5-23-06 014\5-23-06 014.jpg to C:\Users\saa24b\OneDrive - Florida State University\Desktop\2006\2006\2006-05-23\58N-3W\5-23-06 014\5-23-06 014.tiff and backed up original JPG.
2024-11-21 12:47:25,180 - ERROR - No matching XML file for TIFF: C:\Users\saa24b\OneDrive - Florida State University\Desktop\2006\2006\2006-05-23\58N-3W\5-23-06 014\5-23-06 014.tiff
2024-11-21 12:47:25,181 - INFO - Processing set 29/43: C:\Users\saa24b\OneDrive - Florida State University\Desktop\2006\2006\2006-05-23\58N-3W\5-23-06 015
2024-11-21 12:47:25,185 - INFO - Updated manifest at C:\Users\saa24b\OneDrive - Florida State University\Desktop\2006\2006\2006-05-23\58N-3W\5-23-06 015\manifest.ini with collection fsu:cetamuraExcavations_trenchPhotos_2006_58N-3W
2024-11-21 12:47:25,187 - INFO - Extracted IID 'FSU_Cetamura_photos_20060523_58N3W_003' from C:\Users\saa24b\OneDrive - Florida State University\Desktop\2006\2006\2006-05-23\58N-3W\5-23-06 015\FSU_Cetamura_photos_20060523_58N3W_003.xml
2024-11-21 12:47:25,287 - INFO - Converted C:\Users\saa24b\OneDrive - Florida State University\Desktop\2006\2006\2006-05-23\58N-3W\5-23-06 015\5-23-06 015.jpg to C:\Users\saa24b\OneDrive - Florida State University\Desktop\2006\2006\2006-05-23\58N-3W\5-23-06 015\5-23-06 015.tiff and backed up original JPG.
2024-11-21 12:47:25,288 - ERROR - No matching XML file for TIFF: C:\Users\saa24b\OneDrive - Florida State University\Desktop\2006\2006\2006-05-23\58N-3W\5-23-06 015\5-23-06 015.tiff
2024-11-21 12:47:25,290 - INFO - Processing set 30/43: C:\Users\saa24b\OneDrive - Florida State University\Desktop\2006\2006\2006-05-23\58N-3W\5-23-06 016
2024-11-21 12:47:25,295 - INFO - Updated manifest at C:\Users\saa24b\OneDrive - Florida State University\Desktop\2006\2006\2006-05-23\58N-3W\5-23-06 016\manifest.ini with collection fsu:cetamuraExcavations_trenchPhotos_2006_58N-3W
2024-11-21 12:47:25,297 - INFO - Extracted IID 'FSU_Cetamura_photos_20060523_58N3W_004' from C:\Users\saa24b\OneDrive - Florida State University\Desktop\2006\2006\2006-05-23\58N-3W\5-23-06 016\FSU_Cetamura_photos_20060523_58N3W_004.xml
2024-11-21 12:47:25,412 - INFO - Converted C:\Users\saa24b\OneDrive - Florida State University\Desktop\2006\2006\2006-05-23\58N-3W\5-23-06 016\5-23-06 016.jpg to C:\Users\saa24b\OneDrive - Florida State University\Desktop\2006\2006\2006-05-23\58N-3W\5-23-06 016\5-23-06 016.tiff and backed up original JPG.
2024-11-21 12:47:25,412 - ERROR - No matching XML file for TIFF: C:\Users\saa24b\OneDrive - Florida State University\Desktop\2006\2006\2006-05-23\58N-3W\5-23-06 016\5-23-06 016.tiff
2024-11-21 12:47:25,413 - INFO - Processing set 31/43: C:\Users\saa24b\OneDrive - Florida State University\Desktop\2006\2006\2006-05-23\58N-3W\5-23-06 017
2024-11-21 12:47:25,418 - INFO - Updated manifest at C:\Users\saa24b\OneDrive - Florida State University\Desktop\2006\2006\2006-05-23\58N-3W\5-23-06 017\manifest.ini with collection fsu:cetamuraExcavations_trenchPhotos_2006_58N-3W
2024-11-21 12:47:25,419 - INFO - Extracted IID 'FSU_Cetamura_photos_20060523_58N3W_005' from C:\Users\saa24b\OneDrive - Florida State University\Desktop\2006\2006\2006-05-23\58N-3W\5-23-06 017\FSU_Cetamura_photos_20060523_58N3W_005.xml
2024-11-21 12:47:25,539 - INFO - Converted C:\Users\saa24b\OneDrive - Florida State University\Desktop\2006\2006\2006-05-23\58N-3W\5-23-06 017\5-23-06 017.jpg to C:\Users\saa24b\OneDrive - Florida State University\Desktop\2006\2006\2006-05-23\58N-3W\5-23-06 017\5-23-06 017.tiff and backed up original JPG.
2024-11-21 12:47:25,540 - ERROR - No matching XML file for TIFF: C:\Users\saa24b\OneDrive - Florida State University\Desktop\2006\2006\2006-05-23\58N-3W\5-23-06 017\5-23-06 017.tiff
2024-11-21 12:47:25,541 - INFO - Processing set 32/43: C:\Users\saa24b\OneDrive - Florida State University\Desktop\2006\2006\2006-05-23\58N-3W\5-23-06 018
2024-11-21 12:47:25,544 - INFO - Updated manifest at C:\Users\saa24b\OneDrive - Florida State University\Desktop\2006\2006\2006-05-23\58N-3W\5-23-06 018\manifest.ini with collection fsu:cetamuraExcavations_trenchPhotos_2006_58N-3W
2024-11-21 12:47:25,546 - INFO - Extracted IID 'FSU_Cetamura_photos_20060523_58N3W_006' from C:\Users\saa24b\OneDrive - Florida State University\Desktop\2006\2006\2006-05-23\58N-3W\5-23-06 018\FSU_Cetamura_photos_20060523_58N3W_006.xml
2024-11-21 12:47:25,628 - INFO - Converted C:\Users\saa24b\OneDrive - Florida State University\Desktop\2006\2006\2006-05-23\58N-3W\5-23-06 018\5-23-06 018.jpg to C:\Users\saa24b\OneDrive - Florida State University\Desktop\2006\2006\2006-05-23\58N-3W\5-23-06 018\5-23-06 018.tiff and backed up original JPG.
2024-11-21 12:47:25,628 - ERROR - No matching XML file for TIFF: C:\Users\saa24b\OneDrive - Florida State University\Desktop\2006\2006\2006-05-23\58N-3W\5-23-06 018\5-23-06 018.tiff
2024-11-21 12:47:25,630 - INFO - Processing set 33/43: C:\Users\saa24b\OneDrive - Florida State University\Desktop\2006\2006\2006-05-23\58N-3W\5-23-06 019
2024-11-21 12:47:25,636 - INFO - Updated manifest at C:\Users\saa24b\OneDrive - Florida State University\Desktop\2006\2006\2006-05-23\58N-3W\5-23-06 019\manifest.ini with collection fsu:cetamuraExcavations_trenchPhotos_2006_58N-3W
2024-11-21 12:47:25,638 - INFO - Extracted IID 'FSU_Cetamura_photos_20060523_58N3W_007' from C:\Users\saa24b\OneDrive - Florida State University\Desktop\2006\2006\2006-05-23\58N-3W\5-23-06 019\FSU_Cetamura_photos_20060523_58N3W_007.xml
2024-11-21 12:47:25,722 - INFO - Converted C:\Users\saa24b\OneDrive - Florida State University\Desktop\2006\2006\2006-05-23\58N-3W\5-23-06 019\5-23-06 019.jpg to C:\Users\saa24b\OneDrive - Florida State University\Desktop\2006\2006\2006-05-23\58N-3W\5-23-06 019\5-23-06 019.tiff and backed up original JPG.
2024-11-21 12:47:25,722 - ERROR - No matching XML file for TIFF: C:\Users\saa24b\OneDrive - Florida State University\Desktop\2006\2006\2006-05-23\58N-3W\5-23-06 019\5-23-06 019.tiff
2024-11-21 12:47:25,723 - INFO - Processing set 34/43: C:\Users\saa24b\OneDrive - Florida State University\Desktop\2006\2006\2006-05-23\58N-3W\5-23-06 020
2024-11-21 12:47:25,727 - INFO - Updated manifest at C:\Users\saa24b\OneDrive - Florida State University\Desktop\2006\2006\2006-05-23\58N-3W\5-23-06 020\manifest.ini with collection fsu:cetamuraExcavations_trenchPhotos_2006_58N-3W
2024-11-21 12:47:25,728 - INFO - Extracted IID 'FSU_Cetamura_photos_20060523_58N3W_008' from C:\Users\saa24b\OneDrive - Florida State University\Desktop\2006\2006\2006-05-23\58N-3W\5-23-06 020\FSU_Cetamura_photos_20060523_58N3W_008.xml
2024-11-21 12:47:25,815 - INFO - Converted C:\Users\saa24b\OneDrive - Florida State University\Desktop\2006\2006\2006-05-23\58N-3W\5-23-06 020\5-23-06 020.jpg to C:\Users\saa24b\OneDrive - Florida State University\Desktop\2006\2006\2006-05-23\58N-3W\5-23-06 020\5-23-06 020.tiff and backed up original JPG.
2024-11-21 12:47:25,817 - ERROR - No matching XML file for TIFF: C:\Users\saa24b\OneDrive - Florida State University\Desktop\2006\2006\2006-05-23\58N-3W\5-23-06 020\5-23-06 020.tiff
2024-11-21 12:47:25,819 - INFO - Processing set 35/43: C:\Users\saa24b\OneDrive - Florida State University\Desktop\2006\2006\2006-05-23\58N-3W\5-23-06 021
2024-11-21 12:47:25,822 - INFO - Updated manifest at C:\Users\saa24b\OneDrive - Florida State University\Desktop\2006\2006\2006-05-23\58N-3W\5-23-06 021\manifest.ini with collection fsu:cetamuraExcavations_trenchPhotos_2006_58N-3W
2024-11-21 12:47:25,824 - INFO - Extracted IID 'FSU_Cetamura_photos_20060523_58N3W_009' from C:\Users\saa24b\OneDrive - Florida State University\Desktop\2006\2006\2006-05-23\58N-3W\5-23-06 021\FSU_Cetamura_photos_20060523_58N3W_009.xml
2024-11-21 12:47:25,900 - INFO - Converted C:\Users\saa24b\OneDrive - Florida State University\Desktop\2006\2006\2006-05-23\58N-3W\5-23-06 021\5-23-06 021.jpg to C:\Users\saa24b\OneDrive - Florida State University\Desktop\2006\2006\2006-05-23\58N-3W\5-23-06 021\5-23-06 021.tiff and backed up original JPG.
2024-11-21 12:47:25,901 - ERROR - No matching XML file for TIFF: C:\Users\saa24b\OneDrive - Florida State University\Desktop\2006\2006\2006-05-23\58N-3W\5-23-06 021\5-23-06 021.tiff
2024-11-21 12:47:25,903 - INFO - Processing set 36/43: C:\Users\saa24b\OneDrive - Florida State University\Desktop\2006\2006\2006-05-23\58N-3W\5-23-06 022
2024-11-21 12:47:25,906 - INFO - Updated manifest at C:\Users\saa24b\OneDrive - Florida State University\Desktop\2006\2006\2006-05-23\58N-3W\5-23-06 022\manifest.ini with collection fsu:cetamuraExcavations_trenchPhotos_2006_58N-3W
2024-11-21 12:47:25,907 - INFO - Extracted IID 'FSU_Cetamura_photos_20060523_58N3W_010' from C:\Users\saa24b\OneDrive - Florida State University\Desktop\2006\2006\2006-05-23\58N-3W\5-23-06 022\FSU_Cetamura_photos_20060523_58N3W_010.xml
2024-11-21 12:47:25,984 - INFO - Converted C:\Users\saa24b\OneDrive - Florida State University\Desktop\2006\2006\2006-05-23\58N-3W\5-23-06 022\5-23-06 022.jpg to C:\Users\saa24b\OneDrive - Florida State University\Desktop\2006\2006\2006-05-23\58N-3W\5-23-06 022\5-23-06 022.tiff and backed up original JPG.
2024-11-21 12:47:25,985 - ERROR - No matching XML file for TIFF: C:\Users\saa24b\OneDrive - Florida State University\Desktop\2006\2006\2006-05-23\58N-3W\5-23-06 022\5-23-06 022.tiff
2024-11-21 12:47:25,986 - INFO - Processing set 37/43: C:\Users\saa24b\OneDrive - Florida State University\Desktop\2006\2006\2006-05-23\58N-3W\5-23-06 023
2024-11-21 12:47:25,989 - INFO - Updated manifest at C:\Users\saa24b\OneDrive - Florida State University\Desktop\2006\2006\2006-05-23\58N-3W\5-23-06 023\manifest.ini with collection fsu:cetamuraExcavations_trenchPhotos_2006_58N-3W
2024-11-21 12:47:25,990 - INFO - Extracted IID 'FSU_Cetamura_photos_20060523_58N3W_011' from C:\Users\saa24b\OneDrive - Florida State University\Desktop\2006\2006\2006-05-23\58N-3W\5-23-06 023\FSU_Cetamura_photos_20060523_58N3W_011.xml
2024-11-21 12:47:26,064 - INFO - Converted C:\Users\saa24b\OneDrive - Florida State University\Desktop\2006\2006\2006-05-23\58N-3W\5-23-06 023\5-23-06 023.jpg to C:\Users\saa24b\OneDrive - Florida State University\Desktop\2006\2006\2006-05-23\58N-3W\5-23-06 023\5-23-06 023.tiff and backed up original JPG.
2024-11-21 12:47:26,065 - ERROR - No matching XML file for TIFF: C:\Users\saa24b\OneDrive - Florida State University\Desktop\2006\2006\2006-05-23\58N-3W\5-23-06 023\5-23-06 023.tiff
2024-11-21 12:47:26,067 - INFO - Processing set 38/43: C:\Users\saa24b\OneDrive - Florida State University\Desktop\2006\2006\2006-05-23\58N-3W\5-23-06 024
2024-11-21 12:47:26,070 - INFO - Updated manifest at C:\Users\saa24b\OneDrive - Florida State University\Desktop\2006\2006\2006-05-23\58N-3W\5-23-06 024\manifest.ini with collection fsu:cetamuraExcavations_trenchPhotos_2006_58N-3W
2024-11-21 12:47:26,071 - INFO - Extracted IID 'FSU_Cetamura_photos_20060523_58N3W_012' from C:\Users\saa24b\OneDrive - Florida State University\Desktop\2006\2006\2006-05-23\58N-3W\5-23-06 024\FSU_Cetamura_photos_20060523_58N3W_012.xml
2024-11-21 12:47:26,154 - INFO - Converted C:\Users\saa24b\OneDrive - Florida State University\Desktop\2006\2006\2006-05-23\58N-3W\5-23-06 024\5-23-06 024.jpg to C:\Users\saa24b\OneDrive - Florida State University\Desktop\2006\2006\2006-05-23\58N-3W\5-23-06 024\5-23-06 024.tiff and backed up original JPG.
2024-11-21 12:47:26,155 - ERROR - No matching XML file for TIFF: C:\Users\saa24b\OneDrive - Florida State University\Desktop\2006\2006\2006-05-23\58N-3W\5-23-06 024\5-23-06 024.tiff
2024-11-21 12:47:26,158 - INFO - Processing set 39/43: C:\Users\saa24b\OneDrive - Florida State University\Desktop\2006\2006\2006-05-29\77N-5E\05-29-06 001
2024-11-21 12:47:26,162 - INFO - Updated manifest at C:\Users\saa24b\OneDrive - Florida State University\Desktop\2006\2006\2006-05-29\77N-5E\05-29-06 001\manifest.ini with collection fsu:cetamuraExcavations_trenchPhotos_2006_77N-5E
2024-11-21 12:47:26,164 - INFO - Extracted IID 'FSU_Cetamura_photos_20060529_77N5E_001' from C:\Users\saa24b\OneDrive - Florida State University\Desktop\2006\2006\2006-05-29\77N-5E\05-29-06 001\FSU_Cetamura_photos_20060529_77N5E_001.xml
2024-11-21 12:47:26,352 - INFO - Converted C:\Users\saa24b\OneDrive - Florida State University\Desktop\2006\2006\2006-05-29\77N-5E\05-29-06 001\05-29-06 001.jpg to C:\Users\saa24b\OneDrive - Florida State University\Desktop\2006\2006\2006-05-29\77N-5E\05-29-06 001\05-29-06 001.tiff and backed up original JPG.
2024-11-21 12:47:26,353 - ERROR - No matching XML file for TIFF: C:\Users\saa24b\OneDrive - Florida State University\Desktop\2006\2006\2006-05-29\77N-5E\05-29-06 001\05-29-06 001.tiff
2024-11-21 12:47:26,355 - INFO - Processing set 40/43: C:\Users\saa24b\OneDrive - Florida State University\Desktop\2006\2006\2006-05-29\77N-5E\05-29-06 002
2024-11-21 12:47:26,358 - INFO - Updated manifest at C:\Users\saa24b\OneDrive - Florida State University\Desktop\2006\2006\2006-05-29\77N-5E\05-29-06 002\manifest.ini with collection fsu:cetamuraExcavations_trenchPhotos_2006_77N-5E
2024-11-21 12:47:26,360 - INFO - Extracted IID 'FSU_Cetamura_photos_20060529_77N5E_002' from C:\Users\saa24b\OneDrive - Florida State University\Desktop\2006\2006\2006-05-29\77N-5E\05-29-06 002\FSU_Cetamura_photos_20060529_77N5E_002.xml
2024-11-21 12:47:26,490 - INFO - Converted C:\Users\saa24b\OneDrive - Florida State University\Desktop\2006\2006\2006-05-29\77N-5E\05-29-06 002\05-29-06 002.jpg to C:\Users\saa24b\OneDrive - Florida State University\Desktop\2006\2006\2006-05-29\77N-5E\05-29-06 002\05-29-06 002.tiff and backed up original JPG.
2024-11-21 12:47:26,491 - ERROR - No matching XML file for TIFF: C:\Users\saa24b\OneDrive - Florida State University\Desktop\2006\2006\2006-05-29\77N-5E\05-29-06 002\05-29-06 002.tiff
2024-11-21 12:47:26,493 - INFO - Processing set 41/43: C:\Users\saa24b\OneDrive - Florida State University\Desktop\2006\2006\2006-05-29\77N-5E\05-29-06 003
2024-11-21 12:47:26,497 - INFO - Updated manifest at C:\Users\saa24b\OneDrive - Florida State University\Desktop\2006\2006\2006-05-29\77N-5E\05-29-06 003\manifest.ini with collection fsu:cetamuraExcavations_trenchPhotos_2006_77N-5E
2024-11-21 12:47:26,499 - INFO - Extracted IID 'FSU_Cetamura_photos_20060529_77N5E_003' from C:\Users\saa24b\OneDrive - Florida State University\Desktop\2006\2006\2006-05-29\77N-5E\05-29-06 003\FSU_Cetamura_photos_20060529_77N5E_003.xml
2024-11-21 12:47:26,613 - INFO - Converted C:\Users\saa24b\OneDrive - Florida State University\Desktop\2006\2006\2006-05-29\77N-5E\05-29-06 003\05-29-06 003.jpg to C:\Users\saa24b\OneDrive - Florida State University\Desktop\2006\2006\2006-05-29\77N-5E\05-29-06 003\05-29-06 003.tiff and backed up original JPG.
2024-11-21 12:47:26,613 - ERROR - No matching XML file for TIFF: C:\Users\saa24b\OneDrive - Florida State University\Desktop\2006\2006\2006-05-29\77N-5E\05-29-06 003\05-29-06 003.tiff
2024-11-21 12:47:26,617 - INFO - Processing set 42/43: C:\Users\saa24b\OneDrive - Florida State University\Desktop\2006\2006\2006-05-29\77N-5E\05-29-06 004
2024-11-21 12:47:26,623 - INFO - Updated manifest at C:\Users\saa24b\OneDrive - Florida State University\Desktop\2006\2006\2006-05-29\77N-5E\05-29-06 004\manifest.ini with collection fsu:cetamuraExcavations_trenchPhotos_2006_77N-5E
2024-11-21 12:47:26,625 - INFO - Extracted IID 'FSU_Cetamura_photos_20060529_77N5E_004' from C:\Users\saa24b\OneDrive - Florida State University\Desktop\2006\2006\2006-05-29\77N-5E\05-29-06 004\FSU_Cetamura_photos_20060529_77N5E_004.xml
2024-11-21 12:47:26,743 - INFO - Converted C:\Users\saa24b\OneDrive - Florida State University\Desktop\2006\2006\2006-05-29\77N-5E\05-29-06 004\05-29-06 004.jpg to C:\Users\saa24b\OneDrive - Florida State University\Desktop\2006\2006\2006-05-29\77N-5E\05-29-06 004\05-29-06 004.tiff and backed up original JPG.
2024-11-21 12:47:26,744 - ERROR - No matching XML file for TIFF: C:\Users\saa24b\OneDrive - Florida State University\Desktop\2006\2006\2006-05-29\77N-5E\05-29-06 004\05-29-06 004.tiff
2024-11-21 12:47:26,745 - INFO - Processing set 43/43: C:\Users\saa24b\OneDrive - Florida State University\Desktop\2006\2006\2006-05-29\77N-5E\05-29-06 005
2024-11-21 12:47:26,749 - INFO - Updated manifest at C:\Users\saa24b\OneDrive - Florida State University\Desktop\2006\2006\2006-05-29\77N-5E\05-29-06 005\manifest.ini with collection fsu:cetamuraExcavations_trenchPhotos_2006_77N-5E
2024-11-21 12:47:26,750 - INFO - Extracted IID 'FSU_Cetamura_photos_20060529_77N5E_005' from C:\Users\saa24b\OneDrive - Florida State University\Desktop\2006\2006\2006-05-29\77N-5E\05-29-06 005\FSU_Cetamura_photos_20060529_77N5E_005.xml
2024-11-21 12:47:26,856 - INFO - Converted C:\Users\saa24b\OneDrive - Florida State University\Desktop\2006\2006\2006-05-29\77N-5E\05-29-06 005\05-29-06 005.jpg to C:\Users\saa24b\OneDrive - Florida State University\Desktop\2006\2006\2006-05-29\77N-5E\05-29-06 005\05-29-06 005.tiff and backed up original JPG.
2024-11-21 12:47:26,857 - ERROR - No matching XML file for TIFF: C:\Users\saa24b\OneDrive - Florida State University\Desktop\2006\2006\2006-05-29\77N-5E\05-29-06 005\05-29-06 005.tiff
2024-11-21 12:47:26,859 - INFO - Batch processing completed successfully!
